<?xml version="1.0" encoding="UTF-8"?>
<!-- Generated by org.testng.reporters.JUnitXMLReporter -->
<testsuite hostname="DESKTOP-UQSDP0M" ignored="2" name="Default test(failed)" tests="1" failures="1" timestamp="2021-05-31T13:10:22 IST" time="0.151" errors="0">
  <testcase name="registration" time="0.025" classname="TestNG_package.First_testNG_class">
    <failure type="java.lang.AssertionError" message="expected [15] but found [12]">
      <![CDATA[java.lang.AssertionError: expected [15] but found [12]
at TestNG_package.First_testNG_class.registration(First_testNG_class.java:21)
at java.util.ArrayList.forEach(Unknown Source)
... Removed 33 stack frames]]>
    </failure>
  </testcase> <!-- registration -->
  <testcase name="gmaillogin" time="0.0" classname="TestNG_package.First_testNG_class">
    <ignored/>
  </testcase> <!-- gmaillogin -->
  <testcase name="logout" time="0.0" classname="TestNG_package.First_testNG_class">
    <ignored/>
  </testcase> <!-- logout -->
</testsuite> <!-- Default test(failed) -->
